[debug] [2025-10-20T03:33:45.976Z] ----------------------------------------------------------------------
[debug] [2025-10-20T03:33:45.979Z] Command:       E:\nodejs\node.exe C:\Users\Minh Duy\AppData\Roaming\npm\node_modules\firebase-tools\lib\bin\firebase.js init
[debug] [2025-10-20T03:33:45.979Z] CLI Version:   14.20.0
[debug] [2025-10-20T03:33:45.979Z] Platform:      win32
[debug] [2025-10-20T03:33:45.979Z] Node Version:  v22.19.0
[debug] [2025-10-20T03:33:45.980Z] Time:          Mon Oct 20 2025 10:33:45 GMT+0700 (Giờ Đông Dương)
[debug] [2025-10-20T03:33:45.980Z] ----------------------------------------------------------------------
[debug] 
[debug] [2025-10-20T03:33:45.982Z] >>> [apiv2][query] GET https://firebase-public.firebaseio.com/cli.json [none]
[info] 
     ######## #### ########  ######## ########     ###     ######  ########
     ##        ##  ##     ## ##       ##     ##  ##   ##  ##       ##
     ######    ##  ########  ######   ########  #########  ######  ######
     ##        ##  ##    ##  ##       ##     ## ##     ##       ## ##
     ##       #### ##     ## ######## ########  ##     ##  ######  ########

You're about to initialize a Firebase project in this directory:

  C:\Users\Minh Duy\Downloads\nextproject\my-app

[debug] [2025-10-20T03:33:46.531Z] <<< [apiv2][status] GET https://firebase-public.firebaseio.com/cli.json 200
[debug] [2025-10-20T03:33:46.531Z] <<< [apiv2][body] GET https://firebase-public.firebaseio.com/cli.json {"cloudBuildErrorAfter":1594252800000,"cloudBuildWarnAfter":1590019200000,"defaultNode10After":1594252800000,"minVersion":"3.0.5","node8DeploysDisabledAfter":1613390400000,"node8RuntimeDisabledAfter":1615809600000,"node8WarnAfter":1600128000000}
[info] 
=== Project Setup
[info] 
[info] First, let's associate this project directory with a Firebase project.
[info] You can create multiple project aliases by running firebase use --add, 
[info] 
[debug] [2025-10-20T03:38:16.731Z] > command requires scopes: ["email","openid","https://www.googleapis.com/auth/cloudplatformprojects.readonly","https://www.googleapis.com/auth/firebase","https://www.googleapis.com/auth/cloud-platform"]
[debug] [2025-10-20T03:38:16.732Z] > authorizing via signed-in user (nmduy18112003@gmail.com)
[debug] [2025-10-20T03:38:16.733Z] Checked if tokens are valid: false, expires at: 1760699681192
[debug] [2025-10-20T03:38:16.733Z] Checked if tokens are valid: false, expires at: 1760699681192
[debug] [2025-10-20T03:38:16.734Z] > refreshing access token with scopes: []
[debug] [2025-10-20T03:38:16.736Z] >>> [apiv2][query] POST https://www.googleapis.com/oauth2/v3/token [none]
[debug] [2025-10-20T03:38:16.736Z] >>> [apiv2][body] POST https://www.googleapis.com/oauth2/v3/token [omitted]
[debug] [2025-10-20T03:38:16.970Z] <<< [apiv2][status] POST https://www.googleapis.com/oauth2/v3/token 200
[debug] [2025-10-20T03:38:16.970Z] <<< [apiv2][body] POST https://www.googleapis.com/oauth2/v3/token [omitted]
[debug] [2025-10-20T03:38:16.999Z] >>> [apiv2][query] GET https://firebase.googleapis.com/v1beta1/projects/fb-meta-80ef3 [none]
[debug] [2025-10-20T03:38:17.377Z] <<< [apiv2][status] GET https://firebase.googleapis.com/v1beta1/projects/fb-meta-80ef3 200
[debug] [2025-10-20T03:38:17.377Z] <<< [apiv2][body] GET https://firebase.googleapis.com/v1beta1/projects/fb-meta-80ef3 {"projectId":"fb-meta-80ef3","projectNumber":"343993647697","displayName":"fb-meta","name":"projects/fb-meta-80ef3","resources":{"hostingSite":"fb-meta-80ef3"},"state":"ACTIVE","etag":"1_21feb93c-4f24-4d46-adae-faff0c3f8294"}
[info] i  Using project fb-meta-80ef3 (fb-meta) . 
[info] 
=== Functions Setup
[debug] [2025-10-20T03:38:17.405Z] > command requires scopes: ["email","openid","https://www.googleapis.com/auth/cloudplatformprojects.readonly","https://www.googleapis.com/auth/firebase","https://www.googleapis.com/auth/cloud-platform"]
[debug] [2025-10-20T03:38:17.406Z] > authorizing via signed-in user (nmduy18112003@gmail.com)
[debug] [2025-10-20T03:38:17.406Z] [iam] checking project fb-meta-80ef3 for permissions ["firebase.projects.get"]
[debug] [2025-10-20T03:38:17.407Z] Checked if tokens are valid: true, expires at: 1760935095971
[debug] [2025-10-20T03:38:17.407Z] Checked if tokens are valid: true, expires at: 1760935095971
[debug] [2025-10-20T03:38:17.408Z] >>> [apiv2][query] POST https://cloudresourcemanager.googleapis.com/v1/projects/fb-meta-80ef3:testIamPermissions [none]
[debug] [2025-10-20T03:38:17.408Z] >>> [apiv2][(partial)header] POST https://cloudresourcemanager.googleapis.com/v1/projects/fb-meta-80ef3:testIamPermissions x-goog-quota-user=projects/fb-meta-80ef3
[debug] [2025-10-20T03:38:17.408Z] >>> [apiv2][body] POST https://cloudresourcemanager.googleapis.com/v1/projects/fb-meta-80ef3:testIamPermissions {"permissions":["firebase.projects.get"]}
[debug] [2025-10-20T03:38:18.487Z] <<< [apiv2][status] POST https://cloudresourcemanager.googleapis.com/v1/projects/fb-meta-80ef3:testIamPermissions 200
[debug] [2025-10-20T03:38:18.487Z] <<< [apiv2][body] POST https://cloudresourcemanager.googleapis.com/v1/projects/fb-meta-80ef3:testIamPermissions {"permissions":["firebase.projects.get"]}
[info] Let's create a new codebase for your functions.
[info] A directory corresponding to the codebase will be created in your project
[info] with sample code pre-configured.

[info] See https://firebase.google.com/docs/functions/organize-functions for
[info] more information on organizing your functions using codebases.

[info] Functions can be deployed with firebase deploy.

